Solution One:
1
1
0
2
0
2
----------------------------------------------------------------------------------------------------


Solution Two:
4 x 4 matrix:

For sum = 13:
RRRDDD

For sum = 16:
RRDDDR
RDRDRD

For sum = 19:
RDDDRR
----------------------------------------------------------------------------------------------------


Solution Three:
No. of 4-Connectivity Components: 3
----------------------------------------------------------------------------------------------------


Solution Four:
Inside
Inside
Outside
Outside
----------------------------------------------------------------------------------------------------


